<?xml version="1.0" encoding="UTF-8"?>
<coverage generated="1779405503865" clover="3.2.0">
  <project timestamp="1779405503866" name="All files">
    <metrics statements="61" coveredstatements="58" conditionals="32" coveredconditionals="30" methods="14" coveredmethods="13" elements="107" coveredelements="101" complexity="0" loc="61" ncloc="61" packages="1" files="6" classes="6"/>
    <file name="constants.ts" path="/home/nikel/projects/effect-garden/packages/joiners/src/constants.ts">
      <metrics statements="6" coveredstatements="6" conditionals="0" coveredconditionals="0" methods="0" coveredmethods="0"/>
      <line num="7" count="2" type="stmt"/>
      <line num="15" count="2" type="stmt"/>
      <line num="30" count="2" type="stmt"/>
      <line num="52" count="2" type="stmt"/>
      <line num="57" count="2" type="stmt"/>
      <line num="75" count="2" type="stmt"/>
    </file>
    <file name="helpers.ts" path="/home/nikel/projects/effect-garden/packages/joiners/src/helpers.ts">
      <metrics statements="2" coveredstatements="1" conditionals="0" coveredconditionals="0" methods="2" coveredmethods="1"/>
      <line num="6" count="20" type="stmt"/>
      <line num="10" count="0" type="stmt"/>
    </file>
    <file name="invertBitsOf3bitLongNumber.ts" path="/home/nikel/projects/effect-garden/packages/joiners/src/invertBitsOf3bitLongNumber.ts">
      <metrics statements="2" coveredstatements="2" conditionals="0" coveredconditionals="0" methods="1" coveredmethods="1"/>
      <line num="1" count="1" type="stmt"/>
      <line num="2" count="8" type="stmt"/>
    </file>
    <file name="joinOnJoinName.ts" path="/home/nikel/projects/effect-garden/packages/joiners/src/joinOnJoinName.ts">
      <metrics statements="9" coveredstatements="9" conditionals="4" coveredconditionals="4" methods="3" coveredmethods="3"/>
      <line num="29" count="193" type="cond" truecount="2" falsecount="0"/>
      <line num="30" count="64" type="stmt"/>
      <line num="34" count="129" type="stmt"/>
      <line num="40" count="125" type="stmt"/>
      <line num="46" count="6" type="stmt"/>
      <line num="50" count="2" type="stmt"/>
      <line num="52" count="2" type="stmt"/>
      <line num="54" count="2" type="stmt"/>
      <line num="56" count="2" type="stmt"/>
    </file>
    <file name="joinOnVennDiagramParts.ts" path="/home/nikel/projects/effect-garden/packages/joiners/src/joinOnVennDiagramParts.ts">
      <metrics statements="29" coveredstatements="29" conditionals="20" coveredconditionals="20" methods="4" coveredmethods="4"/>
      <line num="12" count="6" type="stmt"/>
      <line num="29" count="130" type="stmt"/>
      <line num="35" count="130" type="stmt"/>
      <line num="36" count="130" type="cond" truecount="4" falsecount="0"/>
      <line num="44" count="130" type="cond" truecount="2" falsecount="0"/>
      <line num="47" count="130" type="cond" truecount="2" falsecount="0"/>
      <line num="48" count="165" type="stmt"/>
      <line num="51" count="130" type="stmt"/>
      <line num="52" count="330" type="stmt"/>
      <line num="53" count="330" type="stmt"/>
      <line num="56" count="330" type="stmt"/>
      <line num="57" count="850" type="stmt"/>
      <line num="58" count="850" type="stmt"/>
      <line num="60" count="850" type="cond" truecount="2" falsecount="0"/>
      <line num="61" count="241" type="stmt"/>
      <line num="63" count="241" type="stmt"/>
      <line num="65" count="850" type="cond" truecount="2" falsecount="0"/>
      <line num="68" count="330" type="cond" truecount="4" falsecount="0"/>
      <line num="69" count="131" type="stmt"/>
      <line num="75" count="130" type="cond" truecount="2" falsecount="0"/>
      <line num="77" count="33" type="stmt"/>
      <line num="79" count="33" type="stmt"/>
      <line num="80" count="165" type="cond" truecount="2" falsecount="0"/>
      <line num="81" count="131" type="stmt"/>
      <line num="83" count="165" type="stmt"/>
      <line num="89" count="2" type="stmt"/>
      <line num="91" count="2" type="stmt"/>
      <line num="93" count="2" type="stmt"/>
      <line num="95" count="2" type="stmt"/>
    </file>
    <file name="spreadObjectMerger.ts" path="/home/nikel/projects/effect-garden/packages/joiners/src/spreadObjectMerger.ts">
      <metrics statements="13" coveredstatements="11" conditionals="8" coveredconditionals="6" methods="4" coveredmethods="4"/>
      <line num="20" count="10" type="stmt"/>
      <line num="21" count="10" type="stmt"/>
      <line num="29" count="1" type="stmt"/>
      <line num="32" count="1" type="stmt"/>
      <line num="35" count="10" type="stmt"/>
      <line num="37" count="10" type="stmt"/>
      <line num="38" count="20" type="cond" truecount="2" falsecount="0"/>
      <line num="39" count="6" type="cond" truecount="1" falsecount="1"/>
      <line num="41" count="0" type="stmt"/>
      <line num="43" count="14" type="cond" truecount="3" falsecount="1"/>
      <line num="44" count="0" type="stmt"/>
      <line num="46" count="14" type="stmt"/>
      <line num="49" count="10" type="stmt"/>
    </file>
  </project>
</coverage>
