{"/home/nikel/projects/effect-garden/packages/joiners/src/constants.ts": {"path":"/home/nikel/projects/effect-garden/packages/joiners/src/constants.ts","statementMap":{"0":{"start":{"line":7,"column":17},"end":{"line":7,"column":null}},"1":{"start":{"line":15,"column":56},"end":{"line":24,"column":null}},"2":{"start":{"line":30,"column":42},"end":{"line":47,"column":null}},"3":{"start":{"line":52,"column":13},"end":{"line":52,"column":null}},"4":{"start":{"line":57,"column":13},"end":{"line":57,"column":null}},"5":{"start":{"line":75,"column":37},"end":{"line":79,"column":null}}},"fnMap":{},"branchMap":{},"s":{"0":2,"1":2,"2":2,"3":2,"4":2,"5":2},"f":{},"b":{},"meta":{"lastBranch":0,"lastFunction":0,"lastStatement":6,"seen":{"s:7:17:7:Infinity":0,"s:15:56:24:Infinity":1,"s:30:42:47:Infinity":2,"s:52:13:52:Infinity":3,"s:57:13:57:Infinity":4,"s:75:37:79:Infinity":5}}}
,"/home/nikel/projects/effect-garden/packages/joiners/src/helpers.ts": {"path":"/home/nikel/projects/effect-garden/packages/joiners/src/helpers.ts","statementMap":{"0":{"start":{"line":6,"column":2},"end":{"line":6,"column":null}},"1":{"start":{"line":10,"column":2},"end":{"line":10,"column":null}}},"fnMap":{"0":{"name":"isEmpty","decl":{"start":{"line":5,"column":16},"end":{"line":5,"column":27}},"loc":{"start":{"line":5,"column":45},"end":{"line":7,"column":null}},"line":5},"1":{"name":"isNotEmpty","decl":{"start":{"line":9,"column":16},"end":{"line":9,"column":30}},"loc":{"start":{"line":9,"column":56},"end":{"line":11,"column":null}},"line":9}},"branchMap":{},"s":{"0":20,"1":0},"f":{"0":20,"1":0},"b":{},"meta":{"lastBranch":0,"lastFunction":2,"lastStatement":2,"seen":{"f:5:16:5:27":0,"s:6:2:6:Infinity":0,"f:9:16:9:30":1,"s:10:2:10:Infinity":1}}}
,"/home/nikel/projects/effect-garden/packages/joiners/src/invertBitsOf3bitLongNumber.ts": {"path":"/home/nikel/projects/effect-garden/packages/joiners/src/invertBitsOf3bitLongNumber.ts","statementMap":{"0":{"start":{"line":1,"column":13},"end":{"line":2,"column":null}},"1":{"start":{"line":2,"column":2},"end":{"line":2,"column":null}}},"fnMap":{"0":{"name":"(anonymous_0)","decl":{"start":{"line":1,"column":13},"end":{"line":1,"column":43}},"loc":{"start":{"line":2,"column":2},"end":{"line":2,"column":null}},"line":2}},"branchMap":{},"s":{"0":1,"1":8},"f":{"0":8},"b":{},"meta":{"lastBranch":0,"lastFunction":1,"lastStatement":2,"seen":{"s:1:13:2:Infinity":0,"f:1:13:1:43":0,"s:2:2:2:Infinity":1}}}
,"/home/nikel/projects/effect-garden/packages/joiners/src/joinOnJoinName.ts": {"path":"/home/nikel/projects/effect-garden/packages/joiners/src/joinOnJoinName.ts","statementMap":{"0":{"start":{"line":29,"column":4},"end":{"line":32,"column":null}},"1":{"start":{"line":30,"column":6},"end":{"line":32,"column":null}},"2":{"start":{"line":34,"column":4},"end":{"line":43,"column":null}},"3":{"start":{"line":40,"column":16},"end":{"line":40,"column":null}},"4":{"start":{"line":46,"column":2},"end":{"line":46,"column":null}},"5":{"start":{"line":50,"column":2},"end":{"line":50,"column":null}},"6":{"start":{"line":52,"column":2},"end":{"line":52,"column":null}},"7":{"start":{"line":54,"column":2},"end":{"line":54,"column":null}},"8":{"start":{"line":56,"column":20},"end":{"line":56,"column":null}}},"fnMap":{"0":{"name":"buildJoinerOnJoinNameWithCustomDetailingModifier","decl":{"start":{"line":11,"column":16},"end":{"line":11,"column":null}},"loc":{"start":{"line":13,"column":64},"end":{"line":47,"column":null}},"line":13},"1":{"name":"joinOnJoinName","decl":{"start":{"line":14,"column":11},"end":{"line":14,"column":null}},"loc":{"start":{"line":28,"column":29},"end":{"line":44,"column":null}},"line":28},"2":{"name":"(anonymous_2)","decl":{"start":{"line":39,"column":19},"end":{"line":39,"column":null}},"loc":{"start":{"line":40,"column":16},"end":{"line":40,"column":null}},"line":40}},"branchMap":{"0":{"loc":{"start":{"line":29,"column":4},"end":{"line":32,"column":null}},"type":"if","locations":[{"start":{"line":29,"column":4},"end":{"line":32,"column":null}},{"start":{},"end":{}}],"line":29},"1":{"loc":{"start":{"line":39,"column":6},"end":{"line":41,"column":null}},"type":"cond-expr","locations":[{"start":{"line":39,"column":19},"end":{"line":40,"column":null}},{"start":{"line":41,"column":11},"end":{"line":41,"column":null}}],"line":39}},"s":{"0":193,"1":64,"2":129,"3":125,"4":6,"5":2,"6":2,"7":2,"8":2},"f":{"0":6,"1":193,"2":125},"b":{"0":[64,129],"1":[125,112]},"meta":{"lastBranch":2,"lastFunction":3,"lastStatement":9,"seen":{"f:11:16:11:Infinity":0,"f:14:11:14:Infinity":1,"b:29:4:32:Infinity:undefined:undefined:undefined:undefined":0,"s:29:4:32:Infinity":0,"s:30:6:32:Infinity":1,"s:34:4:43:Infinity":2,"b:39:19:40:Infinity:41:11:41:Infinity":1,"f:39:19:39:Infinity":2,"s:40:16:40:Infinity":3,"s:46:2:46:Infinity":4,"s:50:2:50:Infinity":5,"s:52:2:52:Infinity":6,"s:54:2:54:Infinity":7,"s:56:20:56:Infinity":8}}}
,"/home/nikel/projects/effect-garden/packages/joiners/src/joinOnVennDiagramParts.ts": {"path":"/home/nikel/projects/effect-garden/packages/joiners/src/joinOnVennDiagramParts.ts","statementMap":{"0":{"start":{"line":12,"column":2},"end":{"line":85,"column":null}},"1":{"start":{"line":29,"column":18},"end":{"line":29,"column":null}},"2":{"start":{"line":35,"column":10},"end":{"line":39,"column":null}},"3":{"start":{"line":36,"column":6},"end":{"line":39,"column":null}},"4":{"start":{"line":44,"column":18},"end":{"line":44,"column":null}},"5":{"start":{"line":47,"column":6},"end":{"line":49,"column":null}},"6":{"start":{"line":48,"column":71},"end":{"line":48,"column":72}},"7":{"start":{"line":51,"column":4},"end":{"line":70,"column":null}},"8":{"start":{"line":52,"column":41},"end":{"line":52,"column":null}},"9":{"start":{"line":53,"column":19},"end":{"line":53,"column":null}},"10":{"start":{"line":56,"column":6},"end":{"line":66,"column":null}},"11":{"start":{"line":57,"column":22},"end":{"line":57,"column":null}},"12":{"start":{"line":58,"column":8},"end":{"line":58,"column":null}},"13":{"start":{"line":60,"column":8},"end":{"line":60,"column":null}},"14":{"start":{"line":60,"column":41},"end":{"line":60,"column":null}},"15":{"start":{"line":61,"column":8},"end":{"line":61,"column":null}},"16":{"start":{"line":63,"column":8},"end":{"line":63,"column":null}},"17":{"start":{"line":65,"column":8},"end":{"line":65,"column":null}},"18":{"start":{"line":65,"column":41},"end":{"line":65,"column":null}},"19":{"start":{"line":68,"column":6},"end":{"line":69,"column":null}},"20":{"start":{"line":69,"column":8},"end":{"line":69,"column":null}},"21":{"start":{"line":75,"column":4},"end":{"line":75,"column":null}},"22":{"start":{"line":75,"column":42},"end":{"line":75,"column":null}},"23":{"start":{"line":77,"column":17},"end":{"line":77,"column":null}},"24":{"start":{"line":79,"column":4},"end":{"line":84,"column":null}},"25":{"start":{"line":80,"column":6},"end":{"line":81,"column":null}},"26":{"start":{"line":81,"column":8},"end":{"line":81,"column":null}},"27":{"start":{"line":83,"column":6},"end":{"line":83,"column":null}},"28":{"start":{"line":89,"column":2},"end":{"line":89,"column":null}},"29":{"start":{"line":91,"column":2},"end":{"line":91,"column":null}},"30":{"start":{"line":93,"column":2},"end":{"line":93,"column":null}},"31":{"start":{"line":95,"column":38},"end":{"line":95,"column":null}}},"fnMap":{"0":{"name":"buildJoinerOnVennDiagramPartsWithCustomDetailingModifier","decl":{"start":{"line":9,"column":16},"end":{"line":9,"column":null}},"loc":{"start":{"line":11,"column":4},"end":{"line":86,"column":null}},"line":11},"1":{"name":"__joinOnVennDiagramParts","decl":{"start":{"line":12,"column":19},"end":{"line":12,"column":null}},"loc":{"start":{"line":28,"column":29},"end":{"line":85,"column":null}},"line":28},"2":{"name":"(anonymous_2)","decl":{"start":{"line":35,"column":10},"end":{"line":35,"column":null}},"loc":{"start":{"line":36,"column":6},"end":{"line":39,"column":null}},"line":36},"3":{"name":"(anonymous_3)","decl":{"start":{"line":48,"column":54},"end":{"line":48,"column":62}},"loc":{"start":{"line":48,"column":71},"end":{"line":48,"column":72}},"line":48}},"branchMap":{"0":{"loc":{"start":{"line":36,"column":6},"end":{"line":39,"column":null}},"type":"binary-expr","locations":[{"start":{"line":36,"column":6},"end":{"line":36,"column":null}},{"start":{"line":37,"column":6},"end":{"line":37,"column":null}},{"start":{"line":38,"column":6},"end":{"line":38,"column":null}},{"start":{"line":39,"column":6},"end":{"line":39,"column":null}}],"line":36},"1":{"loc":{"start":{"line":44,"column":18},"end":{"line":44,"column":null}},"type":"cond-expr","locations":[{"start":{"line":44,"column":36},"end":{"line":44,"column":45}},{"start":{"line":44,"column":45},"end":{"line":44,"column":null}}],"line":44},"2":{"loc":{"start":{"line":47,"column":6},"end":{"line":49,"column":null}},"type":"cond-expr","locations":[{"start":{"line":48,"column":10},"end":{"line":48,"column":null}},{"start":{"line":49,"column":10},"end":{"line":49,"column":null}}],"line":47},"3":{"loc":{"start":{"line":60,"column":8},"end":{"line":60,"column":null}},"type":"if","locations":[{"start":{"line":60,"column":8},"end":{"line":60,"column":null}},{"start":{},"end":{}}],"line":60},"4":{"loc":{"start":{"line":65,"column":8},"end":{"line":65,"column":null}},"type":"if","locations":[{"start":{"line":65,"column":8},"end":{"line":65,"column":null}},{"start":{},"end":{}}],"line":65},"5":{"loc":{"start":{"line":68,"column":6},"end":{"line":69,"column":null}},"type":"if","locations":[{"start":{"line":68,"column":6},"end":{"line":69,"column":null}},{"start":{},"end":{}}],"line":68},"6":{"loc":{"start":{"line":68,"column":10},"end":{"line":68,"column":null}},"type":"binary-expr","locations":[{"start":{"line":68,"column":10},"end":{"line":68,"column":42}},{"start":{"line":68,"column":42},"end":{"line":68,"column":null}}],"line":68},"7":{"loc":{"start":{"line":75,"column":4},"end":{"line":75,"column":null}},"type":"if","locations":[{"start":{"line":75,"column":4},"end":{"line":75,"column":null}},{"start":{},"end":{}}],"line":75},"8":{"loc":{"start":{"line":80,"column":6},"end":{"line":81,"column":null}},"type":"if","locations":[{"start":{"line":80,"column":6},"end":{"line":81,"column":null}},{"start":{},"end":{}}],"line":80}},"s":{"0":6,"1":130,"2":130,"3":130,"4":130,"5":130,"6":165,"7":130,"8":330,"9":330,"10":330,"11":850,"12":850,"13":850,"14":609,"15":241,"16":241,"17":850,"18":193,"19":330,"20":131,"21":130,"22":97,"23":33,"24":33,"25":165,"26":131,"27":165,"28":2,"29":2,"30":2,"31":2},"f":{"0":6,"1":130,"2":130,"3":165},"b":{"0":[130,66,64,64],"1":[66,64],"2":[65,65],"3":[609,241],"4":[193,657],"5":[131,199],"6":[330,247],"7":[97,33],"8":[131,34]},"meta":{"lastBranch":9,"lastFunction":4,"lastStatement":32,"seen":{"f:9:16:9:Infinity":0,"s:12:2:85:Infinity":0,"f:12:19:12:Infinity":1,"s:29:18:29:Infinity":1,"s:35:10:39:Infinity":2,"f:35:10:35:Infinity":2,"s:36:6:39:Infinity":3,"b:36:6:36:Infinity:37:6:37:Infinity:38:6:38:Infinity:39:6:39:Infinity":0,"s:44:18:44:Infinity":4,"b:44:36:44:45:44:45:44:Infinity":1,"s:47:6:49:Infinity":5,"b:48:10:48:Infinity:49:10:49:Infinity":2,"f:48:54:48:62":3,"s:48:71:48:72":6,"s:51:4:70:Infinity":7,"s:52:41:52:Infinity":8,"s:53:19:53:Infinity":9,"s:56:6:66:Infinity":10,"s:57:22:57:Infinity":11,"s:58:8:58:Infinity":12,"b:60:8:60:Infinity:undefined:undefined:undefined:undefined":3,"s:60:8:60:Infinity":13,"s:60:41:60:Infinity":14,"s:61:8:61:Infinity":15,"s:63:8:63:Infinity":16,"b:65:8:65:Infinity:undefined:undefined:undefined:undefined":4,"s:65:8:65:Infinity":17,"s:65:41:65:Infinity":18,"b:68:6:69:Infinity:undefined:undefined:undefined:undefined":5,"s:68:6:69:Infinity":19,"b:68:10:68:42:68:42:68:Infinity":6,"s:69:8:69:Infinity":20,"b:75:4:75:Infinity:undefined:undefined:undefined:undefined":7,"s:75:4:75:Infinity":21,"s:75:42:75:Infinity":22,"s:77:17:77:Infinity":23,"s:79:4:84:Infinity":24,"b:80:6:81:Infinity:undefined:undefined:undefined:undefined":8,"s:80:6:81:Infinity":25,"s:81:8:81:Infinity":26,"s:83:6:83:Infinity":27,"s:89:2:89:Infinity":28,"s:91:2:91:Infinity":29,"s:93:2:93:Infinity":30,"s:95:38:95:Infinity":31}}}
,"/home/nikel/projects/effect-garden/packages/joiners/src/spreadObjectMerger.ts": {"path":"/home/nikel/projects/effect-garden/packages/joiners/src/spreadObjectMerger.ts","statementMap":{"0":{"start":{"line":20,"column":29},"end":{"line":20,"column":null}},"1":{"start":{"line":21,"column":2},"end":{"line":25,"column":null}},"2":{"start":{"line":29,"column":13},"end":{"line":63,"column":null}},"3":{"start":{"line":32,"column":4},"end":{"line":63,"column":null}},"4":{"start":{"line":35,"column":25},"end":{"line":35,"column":null}},"5":{"start":{"line":37,"column":10},"end":{"line":47,"column":null}},"6":{"start":{"line":38,"column":6},"end":{"line":42,"column":null}},"7":{"start":{"line":39,"column":8},"end":{"line":41,"column":null}},"8":{"start":{"line":39,"column":40},"end":{"line":39,"column":null}},"9":{"start":{"line":41,"column":10},"end":{"line":41,"column":null}},"10":{"start":{"line":43,"column":6},"end":{"line":44,"column":null}},"11":{"start":{"line":44,"column":8},"end":{"line":44,"column":null}},"12":{"start":{"line":46,"column":6},"end":{"line":46,"column":null}},"13":{"start":{"line":49,"column":4},"end":{"line":52,"column":null}}},"fnMap":{"0":{"name":"doesAHavePriority","decl":{"start":{"line":17,"column":9},"end":{"line":17,"column":null}},"loc":{"start":{"line":19,"column":37},"end":{"line":27,"column":null}},"line":19},"1":{"name":"(anonymous_1)","decl":{"start":{"line":29,"column":13},"end":{"line":29,"column":null}},"loc":{"start":{"line":32,"column":4},"end":{"line":63,"column":null}},"line":32},"2":{"name":"(anonymous_2)","decl":{"start":{"line":32,"column":4},"end":{"line":32,"column":null}},"loc":{"start":{"line":34,"column":190},"end":{"line":63,"column":null}},"line":34},"3":{"name":"(anonymous_3)","decl":{"start":{"line":37,"column":10},"end":{"line":37,"column":26}},"loc":{"start":{"line":37,"column":48},"end":{"line":47,"column":null}},"line":37}},"branchMap":{"0":{"loc":{"start":{"line":38,"column":6},"end":{"line":42,"column":null}},"type":"if","locations":[{"start":{"line":38,"column":6},"end":{"line":42,"column":null}},{"start":{},"end":{}}],"line":38},"1":{"loc":{"start":{"line":39,"column":8},"end":{"line":41,"column":null}},"type":"if","locations":[{"start":{"line":39,"column":8},"end":{"line":41,"column":null}},{"start":{"line":41,"column":10},"end":{"line":41,"column":null}}],"line":39},"2":{"loc":{"start":{"line":43,"column":6},"end":{"line":44,"column":null}},"type":"if","locations":[{"start":{"line":43,"column":6},"end":{"line":44,"column":null}},{"start":{},"end":{}}],"line":43},"3":{"loc":{"start":{"line":43,"column":10},"end":{"line":43,"column":null}},"type":"binary-expr","locations":[{"start":{"line":43,"column":10},"end":{"line":43,"column":46}},{"start":{"line":43,"column":46},"end":{"line":43,"column":null}}],"line":43}},"s":{"0":10,"1":10,"2":1,"3":1,"4":10,"5":10,"6":20,"7":6,"8":6,"9":0,"10":14,"11":0,"12":14,"13":10},"f":{"0":10,"1":1,"2":10,"3":20},"b":{"0":[6,14],"1":[6,0],"2":[0,14],"3":[14,14]},"meta":{"lastBranch":4,"lastFunction":4,"lastStatement":14,"seen":{"f:17:9:17:Infinity":0,"s:20:29:20:Infinity":0,"s:21:2:25:Infinity":1,"s:29:13:63:Infinity":2,"f:29:13:29:Infinity":1,"s:32:4:63:Infinity":3,"f:32:4:32:Infinity":2,"s:35:25:35:Infinity":4,"s:37:10:47:Infinity":5,"f:37:10:37:26":3,"b:38:6:42:Infinity:undefined:undefined:undefined:undefined":0,"s:38:6:42:Infinity":6,"b:39:8:41:Infinity:41:10:41:Infinity":1,"s:39:8:41:Infinity":7,"s:39:40:39:Infinity":8,"s:41:10:41:Infinity":9,"b:43:6:44:Infinity:undefined:undefined:undefined:undefined":2,"s:43:6:44:Infinity":10,"b:43:10:43:46:43:46:43:Infinity":3,"s:44:8:44:Infinity":11,"s:46:6:46:Infinity":12,"s:49:4:52:Infinity":13}}}
}
